TN:
SF:src\App\Home\status.js
FN:6,(anonymous_0)
FN:31,(anonymous_1)
FN:56,(anonymous_2)
FN:59,(anonymous_3)
FN:65,(anonymous_4)
FN:68,(anonymous_5)
FNF:6
FNH:2
FNDA:11,(anonymous_0)
FNDA:0,(anonymous_1)
FNDA:0,(anonymous_2)
FNDA:0,(anonymous_3)
FNDA:1,(anonymous_4)
FNDA:0,(anonymous_5)
DA:6,2
DA:7,11
DA:9,11
DA:11,11
DA:13,11
DA:17,11
DA:18,11
DA:31,11
DA:32,0
DA:33,0
DA:34,0
DA:35,0
DA:36,0
DA:40,11
DA:56,0
DA:59,0
DA:65,1
DA:68,0
LF:18
LH:10
BRDA:32,0,0,0
BRDA:32,0,1,0
BRF:2
BRH:0
end_of_record
