<?xml version="1.0" encoding="UTF-8"?>
<coverage generated="1667338764401" clover="3.2.0">
  <project timestamp="1667338764401" name="All files">
    <metrics statements="18" coveredstatements="10" conditionals="2" coveredconditionals="0" methods="6" coveredmethods="2" elements="26" coveredelements="12" complexity="0" loc="18" ncloc="18" packages="1" files="1" classes="1"/>
    <file name="status.js" path="D:\in-class\hw5-DecryptLife\hw5-DecryptLife\lively\src\App\Home\status.js">
      <metrics statements="18" coveredstatements="10" conditionals="2" coveredconditionals="0" methods="6" coveredmethods="2"/>
      <line num="6" count="2" type="stmt"/>
      <line num="7" count="11" type="stmt"/>
      <line num="9" count="11" type="stmt"/>
      <line num="11" count="11" type="stmt"/>
      <line num="13" count="11" type="stmt"/>
      <line num="17" count="11" type="stmt"/>
      <line num="18" count="11" type="stmt"/>
      <line num="31" count="11" type="stmt"/>
      <line num="32" count="0" type="cond" truecount="0" falsecount="2"/>
      <line num="33" count="0" type="stmt"/>
      <line num="34" count="0" type="stmt"/>
      <line num="35" count="0" type="stmt"/>
      <line num="36" count="0" type="stmt"/>
      <line num="40" count="11" type="stmt"/>
      <line num="56" count="0" type="stmt"/>
      <line num="59" count="0" type="stmt"/>
      <line num="65" count="1" type="stmt"/>
      <line num="68" count="0" type="stmt"/>
    </file>
  </project>
</coverage>
