{"D:\\in-class\\hw5-DecryptLife\\hw5-DecryptLife\\lively\\src\\App\\Home\\status.js": {"path":"D:\\in-class\\hw5-DecryptLife\\hw5-DecryptLife\\lively\\src\\App\\Home\\status.js","statementMap":{"0":{"start":{"line":6,"column":15},"end":{"line":74,"column":1}},"1":{"start":{"line":7,"column":19},"end":{"line":7,"column":63}},"2":{"start":{"line":9,"column":19},"end":{"line":9,"column":53}},"3":{"start":{"line":11,"column":31},"end":{"line":11,"column":43}},"4":{"start":{"line":13,"column":36},"end":{"line":15,"column":3}},"5":{"start":{"line":17,"column":13},"end":{"line":17,"column":27}},"6":{"start":{"line":18,"column":12},"end":{"line":29,"column":3}},"7":{"start":{"line":31,"column":23},"end":{"line":38,"column":3}},"8":{"start":{"line":32,"column":4},"end":{"line":37,"column":5}},"9":{"start":{"line":33,"column":6},"end":{"line":33,"column":75}},"10":{"start":{"line":34,"column":22},"end":{"line":34,"column":67}},"11":{"start":{"line":35,"column":6},"end":{"line":35,"column":30}},"12":{"start":{"line":36,"column":6},"end":{"line":36,"column":21}},"13":{"start":{"line":40,"column":2},"end":{"line":73,"column":4}},"14":{"start":{"line":56,"column":27},"end":{"line":56,"column":53}},"15":{"start":{"line":59,"column":60},"end":{"line":59,"column":75}},"16":{"start":{"line":65,"column":53},"end":{"line":65,"column":67}},"17":{"start":{"line":68,"column":54},"end":{"line":68,"column":67}}},"fnMap":{"0":{"name":"(anonymous_0)","decl":{"start":{"line":6,"column":15},"end":{"line":6,"column":16}},"loc":{"start":{"line":6,"column":50},"end":{"line":74,"column":1}},"line":6},"1":{"name":"(anonymous_1)","decl":{"start":{"line":31,"column":23},"end":{"line":31,"column":24}},"loc":{"start":{"line":31,"column":30},"end":{"line":38,"column":3}},"line":31},"2":{"name":"(anonymous_2)","decl":{"start":{"line":56,"column":20},"end":{"line":56,"column":21}},"loc":{"start":{"line":56,"column":27},"end":{"line":56,"column":53}},"line":56},"3":{"name":"(anonymous_3)","decl":{"start":{"line":59,"column":53},"end":{"line":59,"column":54}},"loc":{"start":{"line":59,"column":60},"end":{"line":59,"column":75}},"line":59},"4":{"name":"(anonymous_4)","decl":{"start":{"line":65,"column":47},"end":{"line":65,"column":48}},"loc":{"start":{"line":65,"column":53},"end":{"line":65,"column":67}},"line":65},"5":{"name":"(anonymous_5)","decl":{"start":{"line":68,"column":48},"end":{"line":68,"column":49}},"loc":{"start":{"line":68,"column":54},"end":{"line":68,"column":67}},"line":68}},"branchMap":{"0":{"loc":{"start":{"line":32,"column":4},"end":{"line":37,"column":5}},"type":"if","locations":[{"start":{"line":32,"column":4},"end":{"line":37,"column":5}},{"start":{},"end":{}}],"line":32}},"s":{"0":2,"1":11,"2":11,"3":11,"4":11,"5":11,"6":11,"7":11,"8":0,"9":0,"10":0,"11":0,"12":0,"13":11,"14":0,"15":0,"16":1,"17":0},"f":{"0":11,"1":0,"2":0,"3":0,"4":1,"5":0},"b":{"0":[0,0]},"_coverageSchema":"1a1c01bbd47fc00a2c39e90264f33305004495a9","hash":"9aeaeab6b2e2462e69db623edd6aa14bbfd0cda3"}
}
